<?xml version="1.0" encoding="UTF-8"?>
<!-- Generated by org.testng.reporters.JUnitReportReporter -->
<testsuite hostname="LAPTOP-BC7FPIQF" failures="0" tests="1" name="TestCases.Launchbrowser" time="15.917" errors="0" timestamp="18 Nov 2020 13:11:48 GMT" skipped="0">
  <testcase classname="TestCases.Launchbrowser" name="launchBrowser" time="15.917"/>
</testsuite> <!-- TestCases.Launchbrowser -->
