<?xml version="1.0" encoding="UTF-8"?>
<!-- Generated by org.testng.reporters.JUnitReportReporter -->
<testsuite hostname="LAPTOP-BC7FPIQF" failures="0" tests="1" name="TestCases.QuestionOne" time="20.300" errors="0" timestamp="27 Oct 2020 11:11:47 GMT" skipped="0">
  <testcase classname="TestCases.QuestionOne" name="launchgooglemap" time="20.300"/>
</testsuite> <!-- TestCases.QuestionOne -->
