<?xml version="1.0" encoding="UTF-8"?>
<!-- Generated by org.testng.reporters.JUnitReportReporter -->
<testsuite hostname="LAPTOP-BC7FPIQF" failures="0" tests="1" name="com.test.Cases.TabVerificationTest" time="8.884" errors="0" timestamp="18 Nov 2020 16:08:36 GMT" skipped="0">
  <testcase classname="com.test.Cases.TabVerificationTest" name="init" time="8.884"/>
</testsuite> <!-- com.test.Cases.TabVerificationTest -->
