<?xml version="1.0" encoding="UTF-8"?>
<!-- Generated by org.testng.reporters.JUnitReportReporter -->
<testsuite hostname="LAPTOP-BC7FPIQF" failures="0" tests="1" name="TestCases_1.TabVerificationTest" time="7.559" errors="0" timestamp="18 Nov 2020 15:54:51 GMT" skipped="0">
  <testcase classname="TestCases_1.TabVerificationTest" name="init" time="7.559"/>
</testsuite> <!-- TestCases_1.TabVerificationTest -->
