<?xml version="1.0" encoding="UTF-8"?>
<!-- Generated by org.testng.reporters.JUnitReportReporter -->
<testsuite hostname="LAPTOP-BC7FPIQF" failures="0" tests="1" name="TestCases.LaunchBrowser" time="58.205" errors="0" timestamp="2020-10-10T21:27:10 IST" skipped="0">
  <testcase classname="TestCases.LaunchBrowser" name="launchBrowser" time="58.205"/>
  <system-out/>
</testsuite> <!-- TestCases.LaunchBrowser -->
