<?xml version="1.0" encoding="UTF-8"?>
<!-- Generated by org.testng.reporters.JUnitReportReporter -->
<testsuite hostname="LAPTOP-BC7FPIQF" failures="0" tests="1" name="TestCases.NumberOfWebElementsOnPage" time="62.307" errors="0" timestamp="2020-10-20T12:03:57 IST" skipped="0">
  <testcase classname="TestCases.NumberOfWebElementsOnPage" name="launchBrowser" time="62.307"/>
  <system-out/>
</testsuite> <!-- TestCases.NumberOfWebElementsOnPage -->
