<?xml version="1.0" encoding="UTF-8"?>
<!-- Generated by org.testng.reporters.JUnitReportReporter -->
<testsuite hostname="LAPTOP-BC7FPIQF" failures="0" tests="1" name="TestCases.GmailTesting" time="19.517" errors="0" timestamp="2020-11-18T17:31:34 IST" skipped="0">
  <testcase classname="TestCases.GmailTesting" name="launchBrowser" time="19.517"/>
  <system-out/>
</testsuite> <!-- TestCases.GmailTesting -->
