<?xml version="1.0" encoding="UTF-8"?>
<!-- Generated by org.testng.reporters.JUnitReportReporter -->
<testsuite hostname="LAPTOP-BC7FPIQF" failures="0" tests="1" name="test.TestNG_Demo" time="8.389" errors="0" timestamp="2020-09-04T14:33:53 IST" skipped="0">
  <testcase classname="test.TestNG_Demo" name="googleSearch" time="8.389"/>
  <system-out/>
</testsuite> <!-- test.TestNG_Demo -->
